TN:
SF:/Users/Shashwat_Sinha/allExercises/dForum/models/index.js
FN:21,(anonymous_0)
FN:22,(anonymous_1)
FN:27,(anonymous_2)
FNF:3
FNH:3
FNDA:2,(anonymous_0)
FNDA:1,(anonymous_1)
FNDA:1,(anonymous_2)
DA:3,1
DA:4,1
DA:5,1
DA:7,1
DA:8,1
DA:9,1
DA:10,1
DA:13,1
DA:14,0
DA:16,1
DA:19,1
DA:21,2
DA:23,1
DA:24,1
DA:27,1
DA:28,1
DA:29,0
DA:33,1
DA:34,1
DA:36,1
LF:20
LH:18
BRDA:8,0,0,1
BRDA:8,0,1,0
BRDA:13,1,0,0
BRDA:13,1,1,1
BRDA:21,2,0,2
BRDA:21,2,1,2
BRDA:21,2,2,1
BRDA:28,3,0,0
BRDA:28,3,1,1
BRF:9
BRH:6
end_of_record
TN:
SF:/Users/Shashwat_Sinha/allExercises/dForum/models/questionlist.js
FN:1,(anonymous_0)
FN:5,(anonymous_1)
FN:7,(anonymous_2)
FN:9,(anonymous_3)
FNF:4
FNH:4
FNDA:1,(anonymous_0)
FNDA:1,(anonymous_1)
FNDA:2,(anonymous_2)
FNDA:2,(anonymous_3)
DA:1,1
DA:2,1
DA:5,1
DA:7,2
DA:9,2
DA:10,1
LF:6
LH:6
BRF:0
BRH:0
end_of_record
TN:
SF:/Users/Shashwat_Sinha/allExercises/dForum/src/server.js
FN:11,(anonymous_0)
FNF:1
FNH:0
FNDA:0,(anonymous_0)
DA:1,1
DA:2,1
DA:4,1
DA:9,1
DA:11,1
DA:12,0
DA:13,0
DA:15,0
DA:16,0
DA:19,0
DA:22,1
LF:11
LH:6
BRF:0
BRH:0
end_of_record
TN:
SF:/Users/Shashwat_Sinha/allExercises/dForum/src/routes/index.js
FN:3,(anonymous_0)
FNF:1
FNH:1
FNDA:1,(anonymous_0)
DA:1,1
DA:3,1
LF:2
LH:2
BRF:0
BRH:0
end_of_record
TN:
SF:/Users/Shashwat_Sinha/allExercises/dForum/src/routes/ping.js
FN:4,(anonymous_0)
FNF:1
FNH:1
FNDA:1,(anonymous_0)
DA:1,1
DA:4,1
LF:2
LH:2
BRF:0
BRH:0
end_of_record
